{"C:\\Users\\Usuario\\Desktop\\backend\\seubarrigaapi\\knexfile.js": {"path":"C:\\Users\\Usuario\\Desktop\\backend\\seubarrigaapi\\knexfile.js","statementMap":{"0":{"start":{"line":1,"column":13},"end":{"line":1,"column":30}},"1":{"start":{"line":2,"column":0},"end":{"line":2,"column":16}},"2":{"start":{"line":4,"column":0},"end":{"line":27,"column":2}}},"fnMap":{},"branchMap":{},"s":{"0":7,"1":7,"2":7},"f":{},"b":{},"_coverageSchema":"332fd63041d2c1bcb487cc26dd0d5f7d97098a6c","hash":"8af39f5f0c71cf084099e5b8df6898dfb6af1905"}
,"C:\\Users\\Usuario\\Desktop\\backend\\seubarrigaapi\\src\\app.js": {"path":"C:\\Users\\Usuario\\Desktop\\backend\\seubarrigaapi\\src\\app.js","statementMap":{"0":{"start":{"line":3,"column":12},"end":{"line":3,"column":32}},"1":{"start":{"line":5,"column":16},"end":{"line":5,"column":34}},"2":{"start":{"line":7,"column":13},"end":{"line":7,"column":28}},"3":{"start":{"line":9,"column":17},"end":{"line":9,"column":42}},"4":{"start":{"line":12,"column":0},"end":{"line":12,"column":29}},"5":{"start":{"line":14,"column":0},"end":{"line":26,"column":10}},"6":{"start":{"line":30,"column":0},"end":{"line":32,"column":2}},"7":{"start":{"line":31,"column":4},"end":{"line":31,"column":27}},"8":{"start":{"line":35,"column":0},"end":{"line":44,"column":2}},"9":{"start":{"line":36,"column":33},"end":{"line":36,"column":36}},"10":{"start":{"line":37,"column":4},"end":{"line":42,"column":5}},"11":{"start":{"line":37,"column":35},"end":{"line":37,"column":72}},"12":{"start":{"line":38,"column":9},"end":{"line":42,"column":5}},"13":{"start":{"line":38,"column":45},"end":{"line":38,"column":82}},"14":{"start":{"line":40,"column":8},"end":{"line":40,"column":28}},"15":{"start":{"line":41,"column":8},"end":{"line":41,"column":50}},"16":{"start":{"line":43,"column":4},"end":{"line":43,"column":14}},"17":{"start":{"line":47,"column":0},"end":{"line":47,"column":21}}},"fnMap":{"0":{"name":"(anonymous_0)","decl":{"start":{"line":30,"column":13},"end":{"line":30,"column":14}},"loc":{"start":{"line":30,"column":25},"end":{"line":32,"column":1}},"line":30},"1":{"name":"(anonymous_1)","decl":{"start":{"line":35,"column":8},"end":{"line":35,"column":9}},"loc":{"start":{"line":35,"column":31},"end":{"line":44,"column":1}},"line":35}},"branchMap":{"0":{"loc":{"start":{"line":37,"column":4},"end":{"line":42,"column":5}},"type":"if","locations":[{"start":{"line":37,"column":4},"end":{"line":42,"column":5}},{"start":{"line":37,"column":4},"end":{"line":42,"column":5}}],"line":37},"1":{"loc":{"start":{"line":38,"column":9},"end":{"line":42,"column":5}},"type":"if","locations":[{"start":{"line":38,"column":9},"end":{"line":42,"column":5}},{"start":{"line":38,"column":9},"end":{"line":42,"column":5}}],"line":38}},"s":{"0":7,"1":7,"2":7,"3":7,"4":7,"5":7,"6":7,"7":1,"8":7,"9":34,"10":34,"11":29,"12":5,"13":5,"14":0,"15":0,"16":34,"17":7},"f":{"0":1,"1":34},"b":{"0":[29,5],"1":[5,0]},"_coverageSchema":"332fd63041d2c1bcb487cc26dd0d5f7d97098a6c","hash":"143a95ba10e4b72931be564797589f89c1b30d94"}
,"C:\\Users\\Usuario\\Desktop\\backend\\seubarrigaapi\\src\\config\\middlewares.js": {"path":"C:\\Users\\Usuario\\Desktop\\backend\\seubarrigaapi\\src\\config\\middlewares.js","statementMap":{"0":{"start":{"line":1,"column":19},"end":{"line":1,"column":41}},"1":{"start":{"line":2,"column":15},"end":{"line":2,"column":32}},"2":{"start":{"line":4,"column":19},"end":{"line":4,"column":41}},"3":{"start":{"line":6,"column":0},"end":{"line":6,"column":16}},"4":{"start":{"line":8,"column":0},"end":{"line":13,"column":1}},"5":{"start":{"line":10,"column":4},"end":{"line":10,"column":31}},"6":{"start":{"line":11,"column":4},"end":{"line":11,"column":32}}},"fnMap":{"0":{"name":"(anonymous_0)","decl":{"start":{"line":8,"column":17},"end":{"line":8,"column":18}},"loc":{"start":{"line":8,"column":25},"end":{"line":13,"column":1}},"line":8}},"branchMap":{},"s":{"0":7,"1":7,"2":7,"3":7,"4":7,"5":7,"6":7},"f":{"0":7},"b":{},"_coverageSchema":"332fd63041d2c1bcb487cc26dd0d5f7d97098a6c","hash":"4177bdc307b7d92a43ba43174c749ff3f50cdef7"}
,"C:\\Users\\Usuario\\Desktop\\backend\\seubarrigaapi\\src\\config\\passport.js": {"path":"C:\\Users\\Usuario\\Desktop\\backend\\seubarrigaapi\\src\\config\\passport.js","statementMap":{"0":{"start":{"line":1,"column":17},"end":{"line":1,"column":36}},"1":{"start":{"line":2,"column":20},"end":{"line":2,"column":43}},"2":{"start":{"line":4,"column":15},"end":{"line":4,"column":33}},"3":{"start":{"line":6,"column":33},"end":{"line":6,"column":44}},"4":{"start":{"line":8,"column":0},"end":{"line":29,"column":1}},"5":{"start":{"line":10,"column":19},"end":{"line":13,"column":5}},"6":{"start":{"line":15,"column":21},"end":{"line":22,"column":6}},"7":{"start":{"line":16,"column":8},"end":{"line":21,"column":39}},"8":{"start":{"line":18,"column":12},"end":{"line":19,"column":34}},"9":{"start":{"line":18,"column":22},"end":{"line":18,"column":47}},"10":{"start":{"line":19,"column":17},"end":{"line":19,"column":34}},"11":{"start":{"line":21,"column":22},"end":{"line":21,"column":38}},"12":{"start":{"line":24,"column":4},"end":{"line":24,"column":27}},"13":{"start":{"line":26,"column":4},"end":{"line":28,"column":5}},"14":{"start":{"line":27,"column":28},"end":{"line":27,"column":73}}},"fnMap":{"0":{"name":"(anonymous_0)","decl":{"start":{"line":8,"column":17},"end":{"line":8,"column":18}},"loc":{"start":{"line":8,"column":25},"end":{"line":29,"column":1}},"line":8},"1":{"name":"(anonymous_1)","decl":{"start":{"line":15,"column":42},"end":{"line":15,"column":43}},"loc":{"start":{"line":15,"column":59},"end":{"line":22,"column":5}},"line":15},"2":{"name":"(anonymous_2)","decl":{"start":{"line":17,"column":14},"end":{"line":17,"column":15}},"loc":{"start":{"line":17,"column":22},"end":{"line":20,"column":9}},"line":17},"3":{"name":"(anonymous_3)","decl":{"start":{"line":21,"column":15},"end":{"line":21,"column":16}},"loc":{"start":{"line":21,"column":22},"end":{"line":21,"column":38}},"line":21},"4":{"name":"(anonymous_4)","decl":{"start":{"line":27,"column":22},"end":{"line":27,"column":23}},"loc":{"start":{"line":27,"column":28},"end":{"line":27,"column":73}},"line":27}},"branchMap":{"0":{"loc":{"start":{"line":18,"column":12},"end":{"line":19,"column":34}},"type":"if","locations":[{"start":{"line":18,"column":12},"end":{"line":19,"column":34}},{"start":{"line":18,"column":12},"end":{"line":19,"column":34}}],"line":18}},"s":{"0":7,"1":7,"2":7,"3":7,"4":7,"5":7,"6":7,"7":71,"8":71,"9":71,"10":0,"11":0,"12":7,"13":7,"14":7},"f":{"0":7,"1":71,"2":71,"3":0,"4":7},"b":{"0":[71,0]},"_coverageSchema":"332fd63041d2c1bcb487cc26dd0d5f7d97098a6c","hash":"29fa88fb467738e8ffbf60d4f09ce7040ad38fd0"}
,"C:\\Users\\Usuario\\Desktop\\backend\\seubarrigaapi\\src\\config\\router.js": {"path":"C:\\Users\\Usuario\\Desktop\\backend\\seubarrigaapi\\src\\config\\router.js","statementMap":{"0":{"start":{"line":1,"column":16},"end":{"line":1,"column":34}},"1":{"start":{"line":3,"column":0},"end":{"line":23,"column":1}},"2":{"start":{"line":5,"column":28},"end":{"line":5,"column":44}},"3":{"start":{"line":11,"column":4},"end":{"line":11,"column":38}},"4":{"start":{"line":13,"column":4},"end":{"line":13,"column":51}},"5":{"start":{"line":14,"column":4},"end":{"line":14,"column":58}},"6":{"start":{"line":15,"column":4},"end":{"line":15,"column":66}},"7":{"start":{"line":16,"column":4},"end":{"line":16,"column":60}},"8":{"start":{"line":17,"column":4},"end":{"line":17,"column":56}},"9":{"start":{"line":20,"column":4},"end":{"line":20,"column":72}}},"fnMap":{"0":{"name":"(anonymous_0)","decl":{"start":{"line":3,"column":17},"end":{"line":3,"column":18}},"loc":{"start":{"line":3,"column":25},"end":{"line":23,"column":1}},"line":3}},"branchMap":{},"s":{"0":7,"1":7,"2":7,"3":7,"4":7,"5":7,"6":7,"7":7,"8":7,"9":7},"f":{"0":7},"b":{},"_coverageSchema":"332fd63041d2c1bcb487cc26dd0d5f7d97098a6c","hash":"81f850907affc67f76ffa7583432b1f781a9e325"}
,"C:\\Users\\Usuario\\Desktop\\backend\\seubarrigaapi\\src\\errors\\RecursoIndevidoError.js": {"path":"C:\\Users\\Usuario\\Desktop\\backend\\seubarrigaapi\\src\\errors\\RecursoIndevidoError.js","statementMap":{"0":{"start":{"line":1,"column":0},"end":{"line":6,"column":1}},"1":{"start":{"line":3,"column":4},"end":{"line":3,"column":39}},"2":{"start":{"line":4,"column":4},"end":{"line":4,"column":27}}},"fnMap":{"0":{"name":"RecursoIndevidoError","decl":{"start":{"line":1,"column":26},"end":{"line":1,"column":46}},"loc":{"start":{"line":1,"column":97},"end":{"line":6,"column":1}},"line":1}},"branchMap":{"0":{"loc":{"start":{"line":1,"column":47},"end":{"line":1,"column":96}},"type":"default-arg","locations":[{"start":{"line":1,"column":57},"end":{"line":1,"column":96}}],"line":1}},"s":{"0":7,"1":5,"2":5},"f":{"0":5},"b":{"0":[5]},"_coverageSchema":"332fd63041d2c1bcb487cc26dd0d5f7d97098a6c","hash":"22e1dab5f40c13c9933f3f878b07f5f5e81985e8"}
,"C:\\Users\\Usuario\\Desktop\\backend\\seubarrigaapi\\src\\errors\\ValidationErros.js": {"path":"C:\\Users\\Usuario\\Desktop\\backend\\seubarrigaapi\\src\\errors\\ValidationErros.js","statementMap":{"0":{"start":{"line":1,"column":0},"end":{"line":6,"column":1}},"1":{"start":{"line":3,"column":4},"end":{"line":3,"column":34}},"2":{"start":{"line":4,"column":4},"end":{"line":4,"column":27}}},"fnMap":{"0":{"name":"ValidationError","decl":{"start":{"line":1,"column":26},"end":{"line":1,"column":41}},"loc":{"start":{"line":1,"column":50},"end":{"line":6,"column":1}},"line":1}},"branchMap":{},"s":{"0":7,"1":29,"2":29},"f":{"0":29},"b":{},"_coverageSchema":"332fd63041d2c1bcb487cc26dd0d5f7d97098a6c","hash":"0e9798178445fc9e364ccd35fb26316f7fd95a83"}
,"C:\\Users\\Usuario\\Desktop\\backend\\seubarrigaapi\\src\\routes\\accounts.js": {"path":"C:\\Users\\Usuario\\Desktop\\backend\\seubarrigaapi\\src\\routes\\accounts.js","statementMap":{"0":{"start":{"line":1,"column":16},"end":{"line":1,"column":34}},"1":{"start":{"line":2,"column":29},"end":{"line":2,"column":73}},"2":{"start":{"line":4,"column":0},"end":{"line":61,"column":1}},"3":{"start":{"line":6,"column":19},"end":{"line":6,"column":35}},"4":{"start":{"line":10,"column":4},"end":{"line":16,"column":6}},"5":{"start":{"line":11,"column":8},"end":{"line":15,"column":34}},"6":{"start":{"line":13,"column":12},"end":{"line":14,"column":23}},"7":{"start":{"line":13,"column":44},"end":{"line":13,"column":76}},"8":{"start":{"line":14,"column":17},"end":{"line":14,"column":23}},"9":{"start":{"line":15,"column":24},"end":{"line":15,"column":33}},"10":{"start":{"line":19,"column":4},"end":{"line":26,"column":6}},"11":{"start":{"line":20,"column":8},"end":{"line":24,"column":32}},"12":{"start":{"line":22,"column":12},"end":{"line":22,"column":51}},"13":{"start":{"line":24,"column":22},"end":{"line":24,"column":31}},"14":{"start":{"line":29,"column":4},"end":{"line":34,"column":7}},"15":{"start":{"line":30,"column":8},"end":{"line":32,"column":36}},"16":{"start":{"line":31,"column":28},"end":{"line":31,"column":56}},"17":{"start":{"line":32,"column":26},"end":{"line":32,"column":35}},"18":{"start":{"line":37,"column":4},"end":{"line":41,"column":7}},"19":{"start":{"line":38,"column":8},"end":{"line":40,"column":36}},"20":{"start":{"line":39,"column":28},"end":{"line":39,"column":56}},"21":{"start":{"line":40,"column":26},"end":{"line":40,"column":35}},"22":{"start":{"line":44,"column":4},"end":{"line":49,"column":7}},"23":{"start":{"line":45,"column":8},"end":{"line":47,"column":36}},"24":{"start":{"line":46,"column":28},"end":{"line":46,"column":59}},"25":{"start":{"line":47,"column":26},"end":{"line":47,"column":35}},"26":{"start":{"line":52,"column":4},"end":{"line":57,"column":7}},"27":{"start":{"line":53,"column":8},"end":{"line":55,"column":36}},"28":{"start":{"line":54,"column":24},"end":{"line":54,"column":46}},"29":{"start":{"line":55,"column":26},"end":{"line":55,"column":35}},"30":{"start":{"line":59,"column":4},"end":{"line":59,"column":18}}},"fnMap":{"0":{"name":"(anonymous_0)","decl":{"start":{"line":4,"column":17},"end":{"line":4,"column":18}},"loc":{"start":{"line":4,"column":25},"end":{"line":61,"column":1}},"line":4},"1":{"name":"(anonymous_1)","decl":{"start":{"line":10,"column":22},"end":{"line":10,"column":23}},"loc":{"start":{"line":10,"column":39},"end":{"line":16,"column":5}},"line":10},"2":{"name":"(anonymous_2)","decl":{"start":{"line":12,"column":14},"end":{"line":12,"column":15}},"loc":{"start":{"line":12,"column":21},"end":{"line":15,"column":9}},"line":12},"3":{"name":"(anonymous_3)","decl":{"start":{"line":15,"column":17},"end":{"line":15,"column":18}},"loc":{"start":{"line":15,"column":24},"end":{"line":15,"column":33}},"line":15},"4":{"name":"(anonymous_4)","decl":{"start":{"line":19,"column":21},"end":{"line":19,"column":22}},"loc":{"start":{"line":19,"column":41},"end":{"line":26,"column":5}},"line":19},"5":{"name":"(anonymous_5)","decl":{"start":{"line":21,"column":14},"end":{"line":21,"column":15}},"loc":{"start":{"line":21,"column":26},"end":{"line":23,"column":9}},"line":21},"6":{"name":"(anonymous_6)","decl":{"start":{"line":24,"column":15},"end":{"line":24,"column":16}},"loc":{"start":{"line":24,"column":22},"end":{"line":24,"column":31}},"line":24},"7":{"name":"(anonymous_7)","decl":{"start":{"line":29,"column":21},"end":{"line":29,"column":22}},"loc":{"start":{"line":29,"column":41},"end":{"line":34,"column":5}},"line":29},"8":{"name":"(anonymous_8)","decl":{"start":{"line":31,"column":18},"end":{"line":31,"column":19}},"loc":{"start":{"line":31,"column":28},"end":{"line":31,"column":56}},"line":31},"9":{"name":"(anonymous_9)","decl":{"start":{"line":32,"column":19},"end":{"line":32,"column":20}},"loc":{"start":{"line":32,"column":26},"end":{"line":32,"column":35}},"line":32},"10":{"name":"(anonymous_10)","decl":{"start":{"line":37,"column":23},"end":{"line":37,"column":24}},"loc":{"start":{"line":37,"column":43},"end":{"line":41,"column":5}},"line":37},"11":{"name":"(anonymous_11)","decl":{"start":{"line":39,"column":18},"end":{"line":39,"column":19}},"loc":{"start":{"line":39,"column":28},"end":{"line":39,"column":56}},"line":39},"12":{"name":"(anonymous_12)","decl":{"start":{"line":40,"column":19},"end":{"line":40,"column":20}},"loc":{"start":{"line":40,"column":26},"end":{"line":40,"column":35}},"line":40},"13":{"name":"(anonymous_13)","decl":{"start":{"line":44,"column":23},"end":{"line":44,"column":24}},"loc":{"start":{"line":44,"column":43},"end":{"line":49,"column":5}},"line":44},"14":{"name":"(anonymous_14)","decl":{"start":{"line":46,"column":18},"end":{"line":46,"column":19}},"loc":{"start":{"line":46,"column":28},"end":{"line":46,"column":59}},"line":46},"15":{"name":"(anonymous_15)","decl":{"start":{"line":47,"column":19},"end":{"line":47,"column":20}},"loc":{"start":{"line":47,"column":26},"end":{"line":47,"column":35}},"line":47},"16":{"name":"(anonymous_16)","decl":{"start":{"line":52,"column":26},"end":{"line":52,"column":27}},"loc":{"start":{"line":52,"column":46},"end":{"line":57,"column":5}},"line":52},"17":{"name":"(anonymous_17)","decl":{"start":{"line":54,"column":18},"end":{"line":54,"column":19}},"loc":{"start":{"line":54,"column":24},"end":{"line":54,"column":46}},"line":54},"18":{"name":"(anonymous_18)","decl":{"start":{"line":55,"column":19},"end":{"line":55,"column":20}},"loc":{"start":{"line":55,"column":26},"end":{"line":55,"column":35}},"line":55}},"branchMap":{"0":{"loc":{"start":{"line":13,"column":12},"end":{"line":14,"column":23}},"type":"if","locations":[{"start":{"line":13,"column":12},"end":{"line":14,"column":23}},{"start":{"line":13,"column":12},"end":{"line":14,"column":23}}],"line":13}},"s":{"0":7,"1":7,"2":7,"3":7,"4":7,"5":7,"6":7,"7":3,"8":4,"9":3,"10":7,"11":3,"12":1,"13":2,"14":7,"15":1,"16":1,"17":0,"18":7,"19":1,"20":1,"21":0,"22":7,"23":1,"24":1,"25":0,"26":7,"27":2,"28":1,"29":1,"30":7},"f":{"0":7,"1":7,"2":7,"3":3,"4":3,"5":1,"6":2,"7":1,"8":1,"9":0,"10":1,"11":1,"12":0,"13":1,"14":1,"15":0,"16":2,"17":1,"18":1},"b":{"0":[3,4]},"_coverageSchema":"332fd63041d2c1bcb487cc26dd0d5f7d97098a6c","hash":"5414584fa431cd2a0b69eb0260db622279de3cf8"}
,"C:\\Users\\Usuario\\Desktop\\backend\\seubarrigaapi\\src\\routes\\auth.js": {"path":"C:\\Users\\Usuario\\Desktop\\backend\\seubarrigaapi\\src\\routes\\auth.js","statementMap":{"0":{"start":{"line":1,"column":12},"end":{"line":1,"column":33}},"1":{"start":{"line":2,"column":15},"end":{"line":2,"column":39}},"2":{"start":{"line":3,"column":16},"end":{"line":3,"column":34}},"3":{"start":{"line":5,"column":24},"end":{"line":5,"column":63}},"4":{"start":{"line":7,"column":15},"end":{"line":7,"column":33}},"5":{"start":{"line":9,"column":0},"end":{"line":44,"column":1}},"6":{"start":{"line":12,"column":19},"end":{"line":12,"column":35}},"7":{"start":{"line":14,"column":4},"end":{"line":29,"column":6}},"8":{"start":{"line":15,"column":8},"end":{"line":27,"column":35}},"9":{"start":{"line":17,"column":12},"end":{"line":17,"column":77}},"10":{"start":{"line":17,"column":22},"end":{"line":17,"column":77}},"11":{"start":{"line":18,"column":12},"end":{"line":26,"column":73}},"12":{"start":{"line":19,"column":32},"end":{"line":23,"column":17}},"13":{"start":{"line":24,"column":30},"end":{"line":24,"column":57}},"14":{"start":{"line":25,"column":16},"end":{"line":25,"column":47}},"15":{"start":{"line":26,"column":18},"end":{"line":26,"column":73}},"16":{"start":{"line":27,"column":24},"end":{"line":27,"column":33}},"17":{"start":{"line":31,"column":4},"end":{"line":40,"column":7}},"18":{"start":{"line":33,"column":8},"end":{"line":38,"column":9}},"19":{"start":{"line":34,"column":27},"end":{"line":34,"column":65}},"20":{"start":{"line":35,"column":12},"end":{"line":35,"column":51}},"21":{"start":{"line":37,"column":12},"end":{"line":37,"column":28}},"22":{"start":{"line":42,"column":4},"end":{"line":42,"column":18}}},"fnMap":{"0":{"name":"(anonymous_0)","decl":{"start":{"line":9,"column":17},"end":{"line":9,"column":18}},"loc":{"start":{"line":9,"column":26},"end":{"line":44,"column":1}},"line":9},"1":{"name":"(anonymous_1)","decl":{"start":{"line":14,"column":27},"end":{"line":14,"column":28}},"loc":{"start":{"line":14,"column":46},"end":{"line":29,"column":5}},"line":14},"2":{"name":"(anonymous_2)","decl":{"start":{"line":16,"column":14},"end":{"line":16,"column":15}},"loc":{"start":{"line":16,"column":24},"end":{"line":27,"column":9}},"line":16},"3":{"name":"(anonymous_3)","decl":{"start":{"line":27,"column":17},"end":{"line":27,"column":18}},"loc":{"start":{"line":27,"column":24},"end":{"line":27,"column":33}},"line":27},"4":{"name":"(anonymous_4)","decl":{"start":{"line":31,"column":27},"end":{"line":31,"column":28}},"loc":{"start":{"line":31,"column":51},"end":{"line":40,"column":5}},"line":31}},"branchMap":{"0":{"loc":{"start":{"line":17,"column":12},"end":{"line":17,"column":77}},"type":"if","locations":[{"start":{"line":17,"column":12},"end":{"line":17,"column":77}},{"start":{"line":17,"column":12},"end":{"line":17,"column":77}}],"line":17},"1":{"loc":{"start":{"line":18,"column":12},"end":{"line":26,"column":73}},"type":"if","locations":[{"start":{"line":18,"column":12},"end":{"line":26,"column":73}},{"start":{"line":18,"column":12},"end":{"line":26,"column":73}}],"line":18}},"s":{"0":7,"1":7,"2":7,"3":7,"4":7,"5":7,"6":7,"7":7,"8":3,"9":3,"10":1,"11":2,"12":1,"13":1,"14":1,"15":1,"16":2,"17":7,"18":1,"19":1,"20":1,"21":0,"22":7},"f":{"0":7,"1":3,"2":3,"3":2,"4":1},"b":{"0":[1,2],"1":[1,1]},"_coverageSchema":"332fd63041d2c1bcb487cc26dd0d5f7d97098a6c","hash":"fbb10236fa6c2a277182e2bb748e83fa11a177ea"}
,"C:\\Users\\Usuario\\Desktop\\backend\\seubarrigaapi\\src\\routes\\balance.js": {"path":"C:\\Users\\Usuario\\Desktop\\backend\\seubarrigaapi\\src\\routes\\balance.js","statementMap":{"0":{"start":{"line":1,"column":16},"end":{"line":1,"column":34}},"1":{"start":{"line":2,"column":29},"end":{"line":2,"column":73}},"2":{"start":{"line":4,"column":0},"end":{"line":15,"column":1}},"3":{"start":{"line":5,"column":19},"end":{"line":5,"column":35}},"4":{"start":{"line":8,"column":4},"end":{"line":12,"column":7}},"5":{"start":{"line":9,"column":8},"end":{"line":11,"column":32}},"6":{"start":{"line":10,"column":24},"end":{"line":10,"column":52}},"7":{"start":{"line":11,"column":22},"end":{"line":11,"column":31}},"8":{"start":{"line":14,"column":4},"end":{"line":14,"column":18}}},"fnMap":{"0":{"name":"(anonymous_0)","decl":{"start":{"line":4,"column":17},"end":{"line":4,"column":18}},"loc":{"start":{"line":4,"column":26},"end":{"line":15,"column":1}},"line":4},"1":{"name":"(anonymous_1)","decl":{"start":{"line":8,"column":20},"end":{"line":8,"column":21}},"loc":{"start":{"line":8,"column":40},"end":{"line":12,"column":5}},"line":8},"2":{"name":"(anonymous_2)","decl":{"start":{"line":10,"column":14},"end":{"line":10,"column":15}},"loc":{"start":{"line":10,"column":24},"end":{"line":10,"column":52}},"line":10},"3":{"name":"(anonymous_3)","decl":{"start":{"line":11,"column":15},"end":{"line":11,"column":16}},"loc":{"start":{"line":11,"column":22},"end":{"line":11,"column":31}},"line":11}},"branchMap":{},"s":{"0":7,"1":7,"2":7,"3":7,"4":7,"5":10,"6":10,"7":0,"8":7},"f":{"0":7,"1":10,"2":10,"3":0},"b":{},"_coverageSchema":"332fd63041d2c1bcb487cc26dd0d5f7d97098a6c","hash":"096f1bfdeb368c779f79477ed8c5ccdb72b5dedc"}
,"C:\\Users\\Usuario\\Desktop\\backend\\seubarrigaapi\\src\\routes\\transactions.js": {"path":"C:\\Users\\Usuario\\Desktop\\backend\\seubarrigaapi\\src\\routes\\transactions.js","statementMap":{"0":{"start":{"line":1,"column":16},"end":{"line":1,"column":34}},"1":{"start":{"line":2,"column":29},"end":{"line":2,"column":73}},"2":{"start":{"line":4,"column":0},"end":{"line":53,"column":1}},"3":{"start":{"line":5,"column":19},"end":{"line":5,"column":35}},"4":{"start":{"line":8,"column":4},"end":{"line":14,"column":6}},"5":{"start":{"line":9,"column":8},"end":{"line":13,"column":37}},"6":{"start":{"line":11,"column":12},"end":{"line":12,"column":50}},"7":{"start":{"line":11,"column":35},"end":{"line":11,"column":42}},"8":{"start":{"line":12,"column":17},"end":{"line":12,"column":50}},"9":{"start":{"line":13,"column":26},"end":{"line":13,"column":35}},"10":{"start":{"line":17,"column":4},"end":{"line":21,"column":7}},"11":{"start":{"line":18,"column":8},"end":{"line":20,"column":35}},"12":{"start":{"line":19,"column":26},"end":{"line":19,"column":54}},"13":{"start":{"line":20,"column":24},"end":{"line":20,"column":33}},"14":{"start":{"line":25,"column":4},"end":{"line":29,"column":6}},"15":{"start":{"line":26,"column":8},"end":{"line":28,"column":33}},"16":{"start":{"line":27,"column":24},"end":{"line":27,"column":55}},"17":{"start":{"line":28,"column":22},"end":{"line":28,"column":31}},"18":{"start":{"line":32,"column":4},"end":{"line":36,"column":7}},"19":{"start":{"line":33,"column":8},"end":{"line":35,"column":33}},"20":{"start":{"line":34,"column":24},"end":{"line":34,"column":52}},"21":{"start":{"line":35,"column":22},"end":{"line":35,"column":31}},"22":{"start":{"line":39,"column":4},"end":{"line":43,"column":6}},"23":{"start":{"line":40,"column":8},"end":{"line":42,"column":35}},"24":{"start":{"line":41,"column":25},"end":{"line":41,"column":56}},"25":{"start":{"line":42,"column":24},"end":{"line":42,"column":33}},"26":{"start":{"line":46,"column":4},"end":{"line":50,"column":6}},"27":{"start":{"line":47,"column":8},"end":{"line":49,"column":35}},"28":{"start":{"line":48,"column":21},"end":{"line":48,"column":43}},"29":{"start":{"line":49,"column":24},"end":{"line":49,"column":33}},"30":{"start":{"line":52,"column":4},"end":{"line":52,"column":18}}},"fnMap":{"0":{"name":"(anonymous_0)","decl":{"start":{"line":4,"column":17},"end":{"line":4,"column":18}},"loc":{"start":{"line":4,"column":26},"end":{"line":53,"column":1}},"line":4},"1":{"name":"(anonymous_1)","decl":{"start":{"line":8,"column":23},"end":{"line":8,"column":24}},"loc":{"start":{"line":8,"column":43},"end":{"line":14,"column":5}},"line":8},"2":{"name":"(anonymous_2)","decl":{"start":{"line":10,"column":16},"end":{"line":10,"column":17}},"loc":{"start":{"line":10,"column":28},"end":{"line":13,"column":11}},"line":10},"3":{"name":"(anonymous_3)","decl":{"start":{"line":13,"column":19},"end":{"line":13,"column":20}},"loc":{"start":{"line":13,"column":26},"end":{"line":13,"column":35}},"line":13},"4":{"name":"(anonymous_4)","decl":{"start":{"line":17,"column":20},"end":{"line":17,"column":21}},"loc":{"start":{"line":17,"column":40},"end":{"line":21,"column":5}},"line":17},"5":{"name":"(anonymous_5)","decl":{"start":{"line":19,"column":16},"end":{"line":19,"column":17}},"loc":{"start":{"line":19,"column":26},"end":{"line":19,"column":54}},"line":19},"6":{"name":"(anonymous_6)","decl":{"start":{"line":20,"column":17},"end":{"line":20,"column":18}},"loc":{"start":{"line":20,"column":24},"end":{"line":20,"column":33}},"line":20},"7":{"name":"(anonymous_7)","decl":{"start":{"line":25,"column":21},"end":{"line":25,"column":22}},"loc":{"start":{"line":25,"column":39},"end":{"line":29,"column":5}},"line":25},"8":{"name":"(anonymous_8)","decl":{"start":{"line":27,"column":14},"end":{"line":27,"column":15}},"loc":{"start":{"line":27,"column":24},"end":{"line":27,"column":55}},"line":27},"9":{"name":"(anonymous_9)","decl":{"start":{"line":28,"column":15},"end":{"line":28,"column":16}},"loc":{"start":{"line":28,"column":22},"end":{"line":28,"column":31}},"line":28},"10":{"name":"(anonymous_10)","decl":{"start":{"line":32,"column":23},"end":{"line":32,"column":24}},"loc":{"start":{"line":32,"column":43},"end":{"line":36,"column":5}},"line":32},"11":{"name":"(anonymous_11)","decl":{"start":{"line":34,"column":14},"end":{"line":34,"column":15}},"loc":{"start":{"line":34,"column":24},"end":{"line":34,"column":52}},"line":34},"12":{"name":"(anonymous_12)","decl":{"start":{"line":35,"column":15},"end":{"line":35,"column":16}},"loc":{"start":{"line":35,"column":22},"end":{"line":35,"column":31}},"line":35},"13":{"name":"(anonymous_13)","decl":{"start":{"line":39,"column":22},"end":{"line":39,"column":23}},"loc":{"start":{"line":39,"column":43},"end":{"line":43,"column":5}},"line":39},"14":{"name":"(anonymous_14)","decl":{"start":{"line":41,"column":14},"end":{"line":41,"column":15}},"loc":{"start":{"line":41,"column":25},"end":{"line":41,"column":56}},"line":41},"15":{"name":"(anonymous_15)","decl":{"start":{"line":42,"column":15},"end":{"line":42,"column":16}},"loc":{"start":{"line":42,"column":24},"end":{"line":42,"column":33}},"line":42},"16":{"name":"(anonymous_16)","decl":{"start":{"line":46,"column":25},"end":{"line":46,"column":26}},"loc":{"start":{"line":46,"column":46},"end":{"line":50,"column":5}},"line":46},"17":{"name":"(anonymous_17)","decl":{"start":{"line":48,"column":14},"end":{"line":48,"column":15}},"loc":{"start":{"line":48,"column":21},"end":{"line":48,"column":43}},"line":48},"18":{"name":"(anonymous_18)","decl":{"start":{"line":49,"column":15},"end":{"line":49,"column":16}},"loc":{"start":{"line":49,"column":24},"end":{"line":49,"column":33}},"line":49}},"branchMap":{"0":{"loc":{"start":{"line":11,"column":12},"end":{"line":12,"column":50}},"type":"if","locations":[{"start":{"line":11,"column":12},"end":{"line":12,"column":50}},{"start":{"line":11,"column":12},"end":{"line":12,"column":50}}],"line":11}},"s":{"0":7,"1":7,"2":7,"3":7,"4":7,"5":4,"6":4,"7":3,"8":1,"9":1,"10":7,"11":1,"12":1,"13":0,"14":7,"15":16,"16":10,"17":0,"18":7,"19":1,"20":1,"21":0,"22":7,"23":1,"24":1,"25":0,"26":7,"27":1,"28":1,"29":0,"30":7},"f":{"0":7,"1":4,"2":4,"3":1,"4":1,"5":1,"6":0,"7":16,"8":10,"9":0,"10":1,"11":1,"12":0,"13":1,"14":1,"15":0,"16":1,"17":1,"18":0},"b":{"0":[3,1]},"_coverageSchema":"332fd63041d2c1bcb487cc26dd0d5f7d97098a6c","hash":"669bb06fa1f2e76a3c51b18f894c29eed643a2b0"}
,"C:\\Users\\Usuario\\Desktop\\backend\\seubarrigaapi\\src\\routes\\transfers.js": {"path":"C:\\Users\\Usuario\\Desktop\\backend\\seubarrigaapi\\src\\routes\\transfers.js","statementMap":{"0":{"start":{"line":1,"column":16},"end":{"line":1,"column":34}},"1":{"start":{"line":2,"column":29},"end":{"line":2,"column":73}},"2":{"start":{"line":4,"column":0},"end":{"line":61,"column":1}},"3":{"start":{"line":5,"column":19},"end":{"line":5,"column":35}},"4":{"start":{"line":7,"column":4},"end":{"line":15,"column":6}},"5":{"start":{"line":8,"column":8},"end":{"line":12,"column":34}},"6":{"start":{"line":10,"column":12},"end":{"line":10,"column":79}},"7":{"start":{"line":10,"column":47},"end":{"line":10,"column":79}},"8":{"start":{"line":11,"column":12},"end":{"line":11,"column":18}},"9":{"start":{"line":12,"column":24},"end":{"line":12,"column":33}},"10":{"start":{"line":17,"column":21},"end":{"line":21,"column":5}},"11":{"start":{"line":18,"column":8},"end":{"line":20,"column":32}},"12":{"start":{"line":19,"column":18},"end":{"line":19,"column":24}},"13":{"start":{"line":20,"column":22},"end":{"line":20,"column":31}},"14":{"start":{"line":23,"column":4},"end":{"line":27,"column":6}},"15":{"start":{"line":24,"column":8},"end":{"line":26,"column":33}},"16":{"start":{"line":25,"column":23},"end":{"line":25,"column":51}},"17":{"start":{"line":26,"column":22},"end":{"line":26,"column":31}},"18":{"start":{"line":32,"column":4},"end":{"line":37,"column":6}},"19":{"start":{"line":33,"column":25},"end":{"line":33,"column":60}},"20":{"start":{"line":34,"column":8},"end":{"line":36,"column":33}},"21":{"start":{"line":35,"column":24},"end":{"line":35,"column":55}},"22":{"start":{"line":36,"column":22},"end":{"line":36,"column":31}},"23":{"start":{"line":39,"column":4},"end":{"line":43,"column":6}},"24":{"start":{"line":40,"column":8},"end":{"line":42,"column":33}},"25":{"start":{"line":41,"column":24},"end":{"line":41,"column":52}},"26":{"start":{"line":42,"column":22},"end":{"line":42,"column":31}},"27":{"start":{"line":48,"column":4},"end":{"line":52,"column":7}},"28":{"start":{"line":49,"column":8},"end":{"line":51,"column":32}},"29":{"start":{"line":50,"column":24},"end":{"line":50,"column":55}},"30":{"start":{"line":51,"column":22},"end":{"line":51,"column":31}},"31":{"start":{"line":54,"column":4},"end":{"line":58,"column":7}},"32":{"start":{"line":55,"column":8},"end":{"line":57,"column":32}},"33":{"start":{"line":56,"column":18},"end":{"line":56,"column":40}},"34":{"start":{"line":57,"column":22},"end":{"line":57,"column":31}},"35":{"start":{"line":60,"column":4},"end":{"line":60,"column":18}}},"fnMap":{"0":{"name":"(anonymous_0)","decl":{"start":{"line":4,"column":17},"end":{"line":4,"column":18}},"loc":{"start":{"line":4,"column":25},"end":{"line":61,"column":1}},"line":4},"1":{"name":"(anonymous_1)","decl":{"start":{"line":7,"column":22},"end":{"line":7,"column":23}},"loc":{"start":{"line":7,"column":40},"end":{"line":15,"column":5}},"line":7},"2":{"name":"(anonymous_2)","decl":{"start":{"line":9,"column":14},"end":{"line":9,"column":15}},"loc":{"start":{"line":9,"column":26},"end":{"line":12,"column":9}},"line":9},"3":{"name":"(anonymous_3)","decl":{"start":{"line":12,"column":17},"end":{"line":12,"column":18}},"loc":{"start":{"line":12,"column":24},"end":{"line":12,"column":33}},"line":12},"4":{"name":"(anonymous_4)","decl":{"start":{"line":17,"column":21},"end":{"line":17,"column":22}},"loc":{"start":{"line":17,"column":40},"end":{"line":21,"column":5}},"line":17},"5":{"name":"(anonymous_5)","decl":{"start":{"line":19,"column":14},"end":{"line":19,"column":15}},"loc":{"start":{"line":19,"column":18},"end":{"line":19,"column":24}},"line":19},"6":{"name":"(anonymous_6)","decl":{"start":{"line":20,"column":15},"end":{"line":20,"column":16}},"loc":{"start":{"line":20,"column":22},"end":{"line":20,"column":31}},"line":20},"7":{"name":"(anonymous_7)","decl":{"start":{"line":23,"column":19},"end":{"line":23,"column":20}},"loc":{"start":{"line":23,"column":37},"end":{"line":27,"column":5}},"line":23},"8":{"name":"(anonymous_8)","decl":{"start":{"line":25,"column":14},"end":{"line":25,"column":15}},"loc":{"start":{"line":25,"column":23},"end":{"line":25,"column":51}},"line":25},"9":{"name":"(anonymous_9)","decl":{"start":{"line":26,"column":15},"end":{"line":26,"column":16}},"loc":{"start":{"line":26,"column":22},"end":{"line":26,"column":31}},"line":26},"10":{"name":"(anonymous_10)","decl":{"start":{"line":32,"column":31},"end":{"line":32,"column":32}},"loc":{"start":{"line":32,"column":51},"end":{"line":37,"column":5}},"line":32},"11":{"name":"(anonymous_11)","decl":{"start":{"line":35,"column":14},"end":{"line":35,"column":15}},"loc":{"start":{"line":35,"column":24},"end":{"line":35,"column":55}},"line":35},"12":{"name":"(anonymous_12)","decl":{"start":{"line":36,"column":15},"end":{"line":36,"column":16}},"loc":{"start":{"line":36,"column":22},"end":{"line":36,"column":31}},"line":36},"13":{"name":"(anonymous_13)","decl":{"start":{"line":39,"column":23},"end":{"line":39,"column":24}},"loc":{"start":{"line":39,"column":41},"end":{"line":43,"column":5}},"line":39},"14":{"name":"(anonymous_14)","decl":{"start":{"line":41,"column":14},"end":{"line":41,"column":15}},"loc":{"start":{"line":41,"column":24},"end":{"line":41,"column":52}},"line":41},"15":{"name":"(anonymous_15)","decl":{"start":{"line":42,"column":15},"end":{"line":42,"column":16}},"loc":{"start":{"line":42,"column":22},"end":{"line":42,"column":31}},"line":42},"16":{"name":"(anonymous_16)","decl":{"start":{"line":48,"column":33},"end":{"line":48,"column":34}},"loc":{"start":{"line":48,"column":53},"end":{"line":52,"column":5}},"line":48},"17":{"name":"(anonymous_17)","decl":{"start":{"line":50,"column":14},"end":{"line":50,"column":15}},"loc":{"start":{"line":50,"column":24},"end":{"line":50,"column":55}},"line":50},"18":{"name":"(anonymous_18)","decl":{"start":{"line":51,"column":15},"end":{"line":51,"column":16}},"loc":{"start":{"line":51,"column":22},"end":{"line":51,"column":31}},"line":51},"19":{"name":"(anonymous_19)","decl":{"start":{"line":54,"column":26},"end":{"line":54,"column":27}},"loc":{"start":{"line":54,"column":46},"end":{"line":58,"column":5}},"line":54},"20":{"name":"(anonymous_20)","decl":{"start":{"line":56,"column":14},"end":{"line":56,"column":15}},"loc":{"start":{"line":56,"column":18},"end":{"line":56,"column":40}},"line":56},"21":{"name":"(anonymous_21)","decl":{"start":{"line":57,"column":15},"end":{"line":57,"column":16}},"loc":{"start":{"line":57,"column":22},"end":{"line":57,"column":31}},"line":57}},"branchMap":{"0":{"loc":{"start":{"line":10,"column":12},"end":{"line":10,"column":79}},"type":"if","locations":[{"start":{"line":10,"column":12},"end":{"line":10,"column":79}},{"start":{"line":10,"column":12},"end":{"line":10,"column":79}}],"line":10}},"s":{"0":7,"1":7,"2":7,"3":7,"4":7,"5":11,"6":11,"7":1,"8":10,"9":1,"10":7,"11":18,"12":4,"13":14,"14":7,"15":1,"16":1,"17":0,"18":7,"19":3,"20":3,"21":3,"22":0,"23":7,"24":1,"25":1,"26":0,"27":7,"28":1,"29":1,"30":0,"31":7,"32":1,"33":1,"34":0,"35":7},"f":{"0":7,"1":11,"2":11,"3":1,"4":18,"5":4,"6":14,"7":1,"8":1,"9":0,"10":3,"11":3,"12":0,"13":1,"14":1,"15":0,"16":1,"17":1,"18":0,"19":1,"20":1,"21":0},"b":{"0":[1,10]},"_coverageSchema":"332fd63041d2c1bcb487cc26dd0d5f7d97098a6c","hash":"9c7648dee1145aed0e11401a3294eb0d38f08e64"}
,"C:\\Users\\Usuario\\Desktop\\backend\\seubarrigaapi\\src\\routes\\user.js": {"path":"C:\\Users\\Usuario\\Desktop\\backend\\seubarrigaapi\\src\\routes\\user.js","statementMap":{"0":{"start":{"line":1,"column":16},"end":{"line":1,"column":34}},"1":{"start":{"line":3,"column":0},"end":{"line":23,"column":1}},"2":{"start":{"line":4,"column":19},"end":{"line":4,"column":35}},"3":{"start":{"line":6,"column":4},"end":{"line":10,"column":7}},"4":{"start":{"line":7,"column":8},"end":{"line":9,"column":32}},"5":{"start":{"line":8,"column":24},"end":{"line":8,"column":52}},"6":{"start":{"line":9,"column":22},"end":{"line":9,"column":31}},"7":{"start":{"line":12,"column":4},"end":{"line":19,"column":7}},"8":{"start":{"line":13,"column":8},"end":{"line":18,"column":9}},"9":{"start":{"line":14,"column":27},"end":{"line":14,"column":65}},"10":{"start":{"line":15,"column":12},"end":{"line":15,"column":51}},"11":{"start":{"line":17,"column":12},"end":{"line":17,"column":28}},"12":{"start":{"line":21,"column":4},"end":{"line":21,"column":18}}},"fnMap":{"0":{"name":"(anonymous_0)","decl":{"start":{"line":3,"column":17},"end":{"line":3,"column":18}},"loc":{"start":{"line":3,"column":25},"end":{"line":23,"column":1}},"line":3},"1":{"name":"(anonymous_1)","decl":{"start":{"line":6,"column":19},"end":{"line":6,"column":20}},"loc":{"start":{"line":6,"column":37},"end":{"line":10,"column":5}},"line":6},"2":{"name":"(anonymous_2)","decl":{"start":{"line":8,"column":14},"end":{"line":8,"column":15}},"loc":{"start":{"line":8,"column":24},"end":{"line":8,"column":52}},"line":8},"3":{"name":"(anonymous_3)","decl":{"start":{"line":9,"column":15},"end":{"line":9,"column":16}},"loc":{"start":{"line":9,"column":22},"end":{"line":9,"column":31}},"line":9},"4":{"name":"(anonymous_4)","decl":{"start":{"line":12,"column":21},"end":{"line":12,"column":22}},"loc":{"start":{"line":12,"column":45},"end":{"line":19,"column":5}},"line":12}},"branchMap":{},"s":{"0":7,"1":7,"2":7,"3":7,"4":1,"5":1,"6":0,"7":7,"8":6,"9":6,"10":2,"11":4,"12":7},"f":{"0":7,"1":1,"2":1,"3":0,"4":6},"b":{},"_coverageSchema":"332fd63041d2c1bcb487cc26dd0d5f7d97098a6c","hash":"c0e2779e2ca08bc4e5610eed32c40af160386224"}
,"C:\\Users\\Usuario\\Desktop\\backend\\seubarrigaapi\\src\\seeds\\01_tranfers.js": {"path":"C:\\Users\\Usuario\\Desktop\\backend\\seubarrigaapi\\src\\seeds\\01_tranfers.js","statementMap":{"0":{"start":{"line":2,"column":0},"end":{"line":31,"column":2}},"1":{"start":{"line":5,"column":2},"end":{"line":30,"column":8}},"2":{"start":{"line":6,"column":16},"end":{"line":6,"column":39}},"3":{"start":{"line":7,"column":16},"end":{"line":7,"column":38}},"4":{"start":{"line":8,"column":16},"end":{"line":8,"column":35}},"5":{"start":{"line":11,"column":16},"end":{"line":14,"column":6}},"6":{"start":{"line":15,"column":16},"end":{"line":20,"column":6}},"7":{"start":{"line":21,"column":16},"end":{"line":24,"column":6}},"8":{"start":{"line":25,"column":16},"end":{"line":30,"column":6}}},"fnMap":{"0":{"name":"(anonymous_0)","decl":{"start":{"line":2,"column":15},"end":{"line":2,"column":16}},"loc":{"start":{"line":2,"column":25},"end":{"line":31,"column":1}},"line":2},"1":{"name":"(anonymous_1)","decl":{"start":{"line":6,"column":10},"end":{"line":6,"column":11}},"loc":{"start":{"line":6,"column":16},"end":{"line":6,"column":39}},"line":6},"2":{"name":"(anonymous_2)","decl":{"start":{"line":7,"column":10},"end":{"line":7,"column":11}},"loc":{"start":{"line":7,"column":16},"end":{"line":7,"column":38}},"line":7},"3":{"name":"(anonymous_3)","decl":{"start":{"line":8,"column":10},"end":{"line":8,"column":11}},"loc":{"start":{"line":8,"column":16},"end":{"line":8,"column":35}},"line":8},"4":{"name":"(anonymous_4)","decl":{"start":{"line":11,"column":10},"end":{"line":11,"column":11}},"loc":{"start":{"line":11,"column":16},"end":{"line":14,"column":6}},"line":11},"5":{"name":"(anonymous_5)","decl":{"start":{"line":15,"column":10},"end":{"line":15,"column":11}},"loc":{"start":{"line":15,"column":16},"end":{"line":20,"column":6}},"line":15},"6":{"name":"(anonymous_6)","decl":{"start":{"line":21,"column":10},"end":{"line":21,"column":11}},"loc":{"start":{"line":21,"column":16},"end":{"line":24,"column":6}},"line":21},"7":{"name":"(anonymous_7)","decl":{"start":{"line":25,"column":10},"end":{"line":25,"column":11}},"loc":{"start":{"line":25,"column":16},"end":{"line":30,"column":6}},"line":25}},"branchMap":{},"s":{"0":2,"1":2,"2":2,"3":2,"4":2,"5":2,"6":2,"7":2,"8":2},"f":{"0":2,"1":2,"2":2,"3":2,"4":2,"5":2,"6":2,"7":2},"b":{},"_coverageSchema":"332fd63041d2c1bcb487cc26dd0d5f7d97098a6c","hash":"6a30c1bbb08a555b499be9bd0edc88b1c280e05e"}
,"C:\\Users\\Usuario\\Desktop\\backend\\seubarrigaapi\\src\\seeds\\02_balance.js": {"path":"C:\\Users\\Usuario\\Desktop\\backend\\seubarrigaapi\\src\\seeds\\02_balance.js","statementMap":{"0":{"start":{"line":1,"column":15},"end":{"line":1,"column":32}},"1":{"start":{"line":3,"column":0},"end":{"line":45,"column":2}},"2":{"start":{"line":5,"column":2},"end":{"line":44,"column":6}},"3":{"start":{"line":11,"column":14},"end":{"line":18,"column":4}},"4":{"start":{"line":19,"column":14},"end":{"line":22,"column":4}},"5":{"start":{"line":23,"column":14},"end":{"line":44,"column":4}}},"fnMap":{"0":{"name":"(anonymous_0)","decl":{"start":{"line":3,"column":15},"end":{"line":3,"column":16}},"loc":{"start":{"line":3,"column":25},"end":{"line":45,"column":1}},"line":3},"1":{"name":"(anonymous_1)","decl":{"start":{"line":11,"column":8},"end":{"line":11,"column":9}},"loc":{"start":{"line":11,"column":14},"end":{"line":18,"column":4}},"line":11},"2":{"name":"(anonymous_2)","decl":{"start":{"line":19,"column":8},"end":{"line":19,"column":9}},"loc":{"start":{"line":19,"column":14},"end":{"line":22,"column":4}},"line":19},"3":{"name":"(anonymous_3)","decl":{"start":{"line":23,"column":8},"end":{"line":23,"column":9}},"loc":{"start":{"line":23,"column":14},"end":{"line":44,"column":4}},"line":23}},"branchMap":{},"s":{"0":2,"1":2,"2":2,"3":2,"4":2,"5":2},"f":{"0":2,"1":2,"2":2,"3":2},"b":{},"_coverageSchema":"332fd63041d2c1bcb487cc26dd0d5f7d97098a6c","hash":"d8989f48fb76e6f504dfdd51dd28ccf09361be5f"}
,"C:\\Users\\Usuario\\Desktop\\backend\\seubarrigaapi\\src\\services\\accounts.js": {"path":"C:\\Users\\Usuario\\Desktop\\backend\\seubarrigaapi\\src\\services\\accounts.js","statementMap":{"0":{"start":{"line":1,"column":24},"end":{"line":1,"column":63}},"1":{"start":{"line":3,"column":0},"end":{"line":42,"column":1}},"2":{"start":{"line":5,"column":20},"end":{"line":7,"column":5}},"3":{"start":{"line":6,"column":8},"end":{"line":6,"column":51}},"4":{"start":{"line":9,"column":20},"end":{"line":11,"column":5}},"5":{"start":{"line":10,"column":8},"end":{"line":10,"column":56}},"6":{"start":{"line":13,"column":17},"end":{"line":18,"column":5}},"7":{"start":{"line":14,"column":8},"end":{"line":14,"column":80}},"8":{"start":{"line":14,"column":26},"end":{"line":14,"column":80}},"9":{"start":{"line":15,"column":26},"end":{"line":15,"column":85}},"10":{"start":{"line":16,"column":8},"end":{"line":16,"column":85}},"11":{"start":{"line":16,"column":22},"end":{"line":16,"column":85}},"12":{"start":{"line":17,"column":8},"end":{"line":17,"column":55}},"13":{"start":{"line":21,"column":19},"end":{"line":25,"column":5}},"14":{"start":{"line":22,"column":8},"end":{"line":24,"column":29}},"15":{"start":{"line":27,"column":19},"end":{"line":33,"column":5}},"16":{"start":{"line":28,"column":28},"end":{"line":28,"column":80}},"17":{"start":{"line":29,"column":8},"end":{"line":29,"column":93}},"18":{"start":{"line":29,"column":24},"end":{"line":29,"column":93}},"19":{"start":{"line":30,"column":8},"end":{"line":32,"column":17}},"20":{"start":{"line":35,"column":4},"end":{"line":41,"column":5}}},"fnMap":{"0":{"name":"(anonymous_0)","decl":{"start":{"line":3,"column":17},"end":{"line":3,"column":18}},"loc":{"start":{"line":3,"column":26},"end":{"line":42,"column":1}},"line":3},"1":{"name":"(anonymous_1)","decl":{"start":{"line":5,"column":20},"end":{"line":5,"column":21}},"loc":{"start":{"line":5,"column":33},"end":{"line":7,"column":5}},"line":5},"2":{"name":"(anonymous_2)","decl":{"start":{"line":9,"column":20},"end":{"line":9,"column":21}},"loc":{"start":{"line":9,"column":35},"end":{"line":11,"column":5}},"line":9},"3":{"name":"(anonymous_3)","decl":{"start":{"line":13,"column":17},"end":{"line":13,"column":18}},"loc":{"start":{"line":13,"column":36},"end":{"line":18,"column":5}},"line":13},"4":{"name":"(anonymous_4)","decl":{"start":{"line":21,"column":19},"end":{"line":21,"column":20}},"loc":{"start":{"line":21,"column":36},"end":{"line":25,"column":5}},"line":21},"5":{"name":"(anonymous_5)","decl":{"start":{"line":27,"column":19},"end":{"line":27,"column":20}},"loc":{"start":{"line":27,"column":33},"end":{"line":33,"column":5}},"line":27}},"branchMap":{"0":{"loc":{"start":{"line":9,"column":21},"end":{"line":9,"column":30}},"type":"default-arg","locations":[{"start":{"line":9,"column":28},"end":{"line":9,"column":30}}],"line":9},"1":{"loc":{"start":{"line":14,"column":8},"end":{"line":14,"column":80}},"type":"if","locations":[{"start":{"line":14,"column":8},"end":{"line":14,"column":80}},{"start":{"line":14,"column":8},"end":{"line":14,"column":80}}],"line":14},"2":{"loc":{"start":{"line":16,"column":8},"end":{"line":16,"column":85}},"type":"if","locations":[{"start":{"line":16,"column":8},"end":{"line":16,"column":85}},{"start":{"line":16,"column":8},"end":{"line":16,"column":85}}],"line":16},"3":{"loc":{"start":{"line":29,"column":8},"end":{"line":29,"column":93}},"type":"if","locations":[{"start":{"line":29,"column":8},"end":{"line":29,"column":93}},{"start":{"line":29,"column":8},"end":{"line":29,"column":93}}],"line":29}},"s":{"0":7,"1":7,"2":7,"3":1,"4":7,"5":10,"6":7,"7":3,"8":1,"9":2,"10":2,"11":1,"12":1,"13":7,"14":1,"15":7,"16":2,"17":2,"18":1,"19":1,"20":7},"f":{"0":7,"1":1,"2":10,"3":3,"4":1,"5":2},"b":{"0":[0],"1":[1,2],"2":[1,1],"3":[1,1]},"_coverageSchema":"332fd63041d2c1bcb487cc26dd0d5f7d97098a6c","hash":"2d40affd76584113af656a9e8f0f0badf9c24da3"}
,"C:\\Users\\Usuario\\Desktop\\backend\\seubarrigaapi\\src\\services\\balance.js": {"path":"C:\\Users\\Usuario\\Desktop\\backend\\seubarrigaapi\\src\\services\\balance.js","statementMap":{"0":{"start":{"line":1,"column":0},"end":{"line":25,"column":1}},"1":{"start":{"line":3,"column":21},"end":{"line":20,"column":5}},"2":{"start":{"line":5,"column":8},"end":{"line":19,"column":26}},"3":{"start":{"line":22,"column":4},"end":{"line":24,"column":5}}},"fnMap":{"0":{"name":"(anonymous_0)","decl":{"start":{"line":1,"column":17},"end":{"line":1,"column":18}},"loc":{"start":{"line":1,"column":26},"end":{"line":25,"column":1}},"line":1},"1":{"name":"(anonymous_1)","decl":{"start":{"line":3,"column":21},"end":{"line":3,"column":22}},"loc":{"start":{"line":3,"column":33},"end":{"line":20,"column":5}},"line":3}},"branchMap":{},"s":{"0":7,"1":7,"2":10,"3":7},"f":{"0":7,"1":10},"b":{},"_coverageSchema":"332fd63041d2c1bcb487cc26dd0d5f7d97098a6c","hash":"1c2ed6735ab02d69f6e7ac40db457d5dfe45d472"}
,"C:\\Users\\Usuario\\Desktop\\backend\\seubarrigaapi\\src\\services\\transactions.js": {"path":"C:\\Users\\Usuario\\Desktop\\backend\\seubarrigaapi\\src\\services\\transactions.js","statementMap":{"0":{"start":{"line":1,"column":24},"end":{"line":1,"column":63}},"1":{"start":{"line":3,"column":0},"end":{"line":59,"column":1}},"2":{"start":{"line":5,"column":17},"end":{"line":11,"column":5}},"3":{"start":{"line":6,"column":8},"end":{"line":10,"column":20}},"4":{"start":{"line":13,"column":20},"end":{"line":17,"column":5}},"5":{"start":{"line":14,"column":8},"end":{"line":16,"column":17}},"6":{"start":{"line":19,"column":17},"end":{"line":38,"column":5}},"7":{"start":{"line":21,"column":8},"end":{"line":21,"column":103}},"8":{"start":{"line":21,"column":37},"end":{"line":21,"column":103}},"9":{"start":{"line":22,"column":8},"end":{"line":22,"column":95}},"10":{"start":{"line":22,"column":33},"end":{"line":22,"column":95}},"11":{"start":{"line":23,"column":8},"end":{"line":23,"column":91}},"12":{"start":{"line":23,"column":30},"end":{"line":23,"column":91}},"13":{"start":{"line":24,"column":8},"end":{"line":24,"column":94}},"14":{"start":{"line":24,"column":32},"end":{"line":24,"column":94}},"15":{"start":{"line":25,"column":8},"end":{"line":25,"column":91}},"16":{"start":{"line":25,"column":30},"end":{"line":25,"column":91}},"17":{"start":{"line":26,"column":8},"end":{"line":26,"column":124}},"18":{"start":{"line":26,"column":68},"end":{"line":26,"column":124}},"19":{"start":{"line":29,"column":31},"end":{"line":29,"column":47}},"20":{"start":{"line":31,"column":8},"end":{"line":34,"column":9}},"21":{"start":{"line":33,"column":12},"end":{"line":33,"column":41}},"22":{"start":{"line":36,"column":8},"end":{"line":37,"column":37}},"23":{"start":{"line":40,"column":19},"end":{"line":44,"column":5}},"24":{"start":{"line":41,"column":8},"end":{"line":43,"column":33}},"25":{"start":{"line":46,"column":19},"end":{"line":50,"column":5}},"26":{"start":{"line":47,"column":8},"end":{"line":49,"column":18}},"27":{"start":{"line":52,"column":4},"end":{"line":58,"column":5}}},"fnMap":{"0":{"name":"(anonymous_0)","decl":{"start":{"line":3,"column":17},"end":{"line":3,"column":18}},"loc":{"start":{"line":3,"column":25},"end":{"line":59,"column":1}},"line":3},"1":{"name":"(anonymous_1)","decl":{"start":{"line":5,"column":17},"end":{"line":5,"column":18}},"loc":{"start":{"line":5,"column":42},"end":{"line":11,"column":5}},"line":5},"2":{"name":"(anonymous_2)","decl":{"start":{"line":13,"column":20},"end":{"line":13,"column":21}},"loc":{"start":{"line":13,"column":31},"end":{"line":17,"column":5}},"line":13},"3":{"name":"(anonymous_3)","decl":{"start":{"line":19,"column":17},"end":{"line":19,"column":18}},"loc":{"start":{"line":19,"column":34},"end":{"line":38,"column":5}},"line":19},"4":{"name":"(anonymous_4)","decl":{"start":{"line":40,"column":19},"end":{"line":40,"column":20}},"loc":{"start":{"line":40,"column":40},"end":{"line":44,"column":5}},"line":40},"5":{"name":"(anonymous_5)","decl":{"start":{"line":46,"column":19},"end":{"line":46,"column":20}},"loc":{"start":{"line":46,"column":27},"end":{"line":50,"column":5}},"line":46}},"branchMap":{"0":{"loc":{"start":{"line":5,"column":26},"end":{"line":5,"column":37}},"type":"default-arg","locations":[{"start":{"line":5,"column":35},"end":{"line":5,"column":37}}],"line":5},"1":{"loc":{"start":{"line":21,"column":8},"end":{"line":21,"column":103}},"type":"if","locations":[{"start":{"line":21,"column":8},"end":{"line":21,"column":103}},{"start":{"line":21,"column":8},"end":{"line":21,"column":103}}],"line":21},"2":{"loc":{"start":{"line":22,"column":8},"end":{"line":22,"column":95}},"type":"if","locations":[{"start":{"line":22,"column":8},"end":{"line":22,"column":95}},{"start":{"line":22,"column":8},"end":{"line":22,"column":95}}],"line":22},"3":{"loc":{"start":{"line":23,"column":8},"end":{"line":23,"column":91}},"type":"if","locations":[{"start":{"line":23,"column":8},"end":{"line":23,"column":91}},{"start":{"line":23,"column":8},"end":{"line":23,"column":91}}],"line":23},"4":{"loc":{"start":{"line":24,"column":8},"end":{"line":24,"column":94}},"type":"if","locations":[{"start":{"line":24,"column":8},"end":{"line":24,"column":94}},{"start":{"line":24,"column":8},"end":{"line":24,"column":94}}],"line":24},"5":{"loc":{"start":{"line":25,"column":8},"end":{"line":25,"column":91}},"type":"if","locations":[{"start":{"line":25,"column":8},"end":{"line":25,"column":91}},{"start":{"line":25,"column":8},"end":{"line":25,"column":91}}],"line":25},"6":{"loc":{"start":{"line":26,"column":8},"end":{"line":26,"column":124}},"type":"if","locations":[{"start":{"line":26,"column":8},"end":{"line":26,"column":124}},{"start":{"line":26,"column":8},"end":{"line":26,"column":124}}],"line":26},"7":{"loc":{"start":{"line":26,"column":13},"end":{"line":26,"column":65}},"type":"binary-expr","locations":[{"start":{"line":26,"column":13},"end":{"line":26,"column":37}},{"start":{"line":26,"column":41},"end":{"line":26,"column":65}}],"line":26},"8":{"loc":{"start":{"line":31,"column":8},"end":{"line":34,"column":9}},"type":"if","locations":[{"start":{"line":31,"column":8},"end":{"line":34,"column":9}},{"start":{"line":31,"column":8},"end":{"line":34,"column":9}}],"line":31},"9":{"loc":{"start":{"line":31,"column":11},"end":{"line":32,"column":64}},"type":"binary-expr","locations":[{"start":{"line":31,"column":12},"end":{"line":31,"column":35}},{"start":{"line":31,"column":39},"end":{"line":31,"column":62}},{"start":{"line":32,"column":12},"end":{"line":32,"column":35}},{"start":{"line":32,"column":39},"end":{"line":32,"column":62}}],"line":31}},"s":{"0":7,"1":7,"2":7,"3":5,"4":7,"5":3,"6":7,"7":16,"8":1,"9":15,"10":1,"11":14,"12":1,"13":13,"14":1,"15":12,"16":1,"17":11,"18":1,"19":10,"20":10,"21":5,"22":10,"23":7,"24":1,"25":7,"26":1,"27":7},"f":{"0":7,"1":5,"2":3,"3":16,"4":1,"5":1},"b":{"0":[1],"1":[1,15],"2":[1,14],"3":[1,13],"4":[1,12],"5":[1,11],"6":[1,10],"7":[11,5],"8":[5,5],"9":[10,6,9,4]},"_coverageSchema":"332fd63041d2c1bcb487cc26dd0d5f7d97098a6c","hash":"ddf85778a5cba1784217e77f2b9ec2d8422ec8b1"}
,"C:\\Users\\Usuario\\Desktop\\backend\\seubarrigaapi\\src\\services\\transfers.js": {"path":"C:\\Users\\Usuario\\Desktop\\backend\\seubarrigaapi\\src\\services\\transfers.js","statementMap":{"0":{"start":{"line":1,"column":24},"end":{"line":1,"column":63}},"1":{"start":{"line":3,"column":0},"end":{"line":81,"column":1}},"2":{"start":{"line":6,"column":17},"end":{"line":10,"column":5}},"3":{"start":{"line":7,"column":8},"end":{"line":9,"column":18}},"4":{"start":{"line":13,"column":20},"end":{"line":17,"column":5}},"5":{"start":{"line":14,"column":8},"end":{"line":16,"column":17}},"6":{"start":{"line":19,"column":21},"end":{"line":32,"column":5}},"7":{"start":{"line":20,"column":8},"end":{"line":20,"column":99}},"8":{"start":{"line":20,"column":33},"end":{"line":20,"column":99}},"9":{"start":{"line":21,"column":8},"end":{"line":21,"column":91}},"10":{"start":{"line":21,"column":29},"end":{"line":21,"column":91}},"11":{"start":{"line":22,"column":8},"end":{"line":22,"column":87}},"12":{"start":{"line":22,"column":26},"end":{"line":22,"column":87}},"13":{"start":{"line":23,"column":8},"end":{"line":23,"column":104}},"14":{"start":{"line":23,"column":32},"end":{"line":23,"column":104}},"15":{"start":{"line":24,"column":8},"end":{"line":24,"column":106}},"16":{"start":{"line":24,"column":33},"end":{"line":24,"column":106}},"17":{"start":{"line":25,"column":8},"end":{"line":25,"column":128}},"18":{"start":{"line":25,"column":56},"end":{"line":25,"column":128}},"19":{"start":{"line":26,"column":8},"end":{"line":26,"column":99}},"20":{"start":{"line":26,"column":33},"end":{"line":26,"column":99}},"21":{"start":{"line":28,"column":25},"end":{"line":28,"column":108}},"22":{"start":{"line":29,"column":8},"end":{"line":31,"column":10}},"23":{"start":{"line":30,"column":12},"end":{"line":30,"column":134}},"24":{"start":{"line":30,"column":63},"end":{"line":30,"column":134}},"25":{"start":{"line":35,"column":17},"end":{"line":49,"column":5}},"26":{"start":{"line":37,"column":23},"end":{"line":37,"column":70}},"27":{"start":{"line":38,"column":27},"end":{"line":38,"column":39}},"28":{"start":{"line":40,"column":28},"end":{"line":43,"column":9}},"29":{"start":{"line":45,"column":8},"end":{"line":45,"column":58}},"30":{"start":{"line":47,"column":8},"end":{"line":47,"column":22}},"31":{"start":{"line":51,"column":19},"end":{"line":65,"column":5}},"32":{"start":{"line":53,"column":23},"end":{"line":55,"column":30}},"33":{"start":{"line":57,"column":28},"end":{"line":60,"column":9}},"34":{"start":{"line":62,"column":8},"end":{"line":62,"column":66}},"35":{"start":{"line":63,"column":8},"end":{"line":63,"column":57}},"36":{"start":{"line":64,"column":8},"end":{"line":64,"column":22}},"37":{"start":{"line":67,"column":19},"end":{"line":70,"column":5}},"38":{"start":{"line":68,"column":8},"end":{"line":68,"column":67}},"39":{"start":{"line":69,"column":8},"end":{"line":69,"column":59}},"40":{"start":{"line":72,"column":4},"end":{"line":79,"column":5}}},"fnMap":{"0":{"name":"(anonymous_0)","decl":{"start":{"line":3,"column":17},"end":{"line":3,"column":18}},"loc":{"start":{"line":3,"column":26},"end":{"line":81,"column":1}},"line":3},"1":{"name":"(anonymous_1)","decl":{"start":{"line":6,"column":17},"end":{"line":6,"column":18}},"loc":{"start":{"line":6,"column":34},"end":{"line":10,"column":5}},"line":6},"2":{"name":"(anonymous_2)","decl":{"start":{"line":13,"column":20},"end":{"line":13,"column":21}},"loc":{"start":{"line":13,"column":37},"end":{"line":17,"column":5}},"line":13},"3":{"name":"(anonymous_3)","decl":{"start":{"line":19,"column":21},"end":{"line":19,"column":22}},"loc":{"start":{"line":19,"column":41},"end":{"line":32,"column":5}},"line":19},"4":{"name":"(anonymous_4)","decl":{"start":{"line":29,"column":25},"end":{"line":29,"column":26}},"loc":{"start":{"line":29,"column":34},"end":{"line":31,"column":9}},"line":29},"5":{"name":"(anonymous_5)","decl":{"start":{"line":35,"column":17},"end":{"line":35,"column":18}},"loc":{"start":{"line":35,"column":36},"end":{"line":49,"column":5}},"line":35},"6":{"name":"(anonymous_6)","decl":{"start":{"line":51,"column":19},"end":{"line":51,"column":20}},"loc":{"start":{"line":51,"column":42},"end":{"line":65,"column":5}},"line":51},"7":{"name":"(anonymous_7)","decl":{"start":{"line":67,"column":19},"end":{"line":67,"column":20}},"loc":{"start":{"line":67,"column":33},"end":{"line":70,"column":5}},"line":67}},"branchMap":{"0":{"loc":{"start":{"line":6,"column":18},"end":{"line":6,"column":29}},"type":"default-arg","locations":[{"start":{"line":6,"column":27},"end":{"line":6,"column":29}}],"line":6},"1":{"loc":{"start":{"line":13,"column":21},"end":{"line":13,"column":32}},"type":"default-arg","locations":[{"start":{"line":13,"column":30},"end":{"line":13,"column":32}}],"line":13},"2":{"loc":{"start":{"line":20,"column":8},"end":{"line":20,"column":99}},"type":"if","locations":[{"start":{"line":20,"column":8},"end":{"line":20,"column":99}},{"start":{"line":20,"column":8},"end":{"line":20,"column":99}}],"line":20},"3":{"loc":{"start":{"line":21,"column":8},"end":{"line":21,"column":91}},"type":"if","locations":[{"start":{"line":21,"column":8},"end":{"line":21,"column":91}},{"start":{"line":21,"column":8},"end":{"line":21,"column":91}}],"line":21},"4":{"loc":{"start":{"line":22,"column":8},"end":{"line":22,"column":87}},"type":"if","locations":[{"start":{"line":22,"column":8},"end":{"line":22,"column":87}},{"start":{"line":22,"column":8},"end":{"line":22,"column":87}}],"line":22},"5":{"loc":{"start":{"line":23,"column":8},"end":{"line":23,"column":104}},"type":"if","locations":[{"start":{"line":23,"column":8},"end":{"line":23,"column":104}},{"start":{"line":23,"column":8},"end":{"line":23,"column":104}}],"line":23},"6":{"loc":{"start":{"line":24,"column":8},"end":{"line":24,"column":106}},"type":"if","locations":[{"start":{"line":24,"column":8},"end":{"line":24,"column":106}},{"start":{"line":24,"column":8},"end":{"line":24,"column":106}}],"line":24},"7":{"loc":{"start":{"line":25,"column":8},"end":{"line":25,"column":128}},"type":"if","locations":[{"start":{"line":25,"column":8},"end":{"line":25,"column":128}},{"start":{"line":25,"column":8},"end":{"line":25,"column":128}}],"line":25},"8":{"loc":{"start":{"line":26,"column":8},"end":{"line":26,"column":99}},"type":"if","locations":[{"start":{"line":26,"column":8},"end":{"line":26,"column":99}},{"start":{"line":26,"column":8},"end":{"line":26,"column":99}}],"line":26},"9":{"loc":{"start":{"line":30,"column":12},"end":{"line":30,"column":134}},"type":"if","locations":[{"start":{"line":30,"column":12},"end":{"line":30,"column":134}},{"start":{"line":30,"column":12},"end":{"line":30,"column":134}}],"line":30}},"s":{"0":7,"1":7,"2":7,"3":1,"4":7,"5":12,"6":7,"7":18,"8":2,"9":16,"10":2,"11":14,"12":2,"13":12,"14":2,"15":10,"16":2,"17":8,"18":2,"19":6,"20":0,"21":6,"22":6,"23":12,"24":2,"25":7,"26":3,"27":3,"28":3,"29":3,"30":3,"31":7,"32":1,"33":1,"34":1,"35":1,"36":1,"37":7,"38":1,"39":1,"40":7},"f":{"0":7,"1":1,"2":12,"3":18,"4":12,"5":3,"6":1,"7":1},"b":{"0":[0],"1":[0],"2":[2,16],"3":[2,14],"4":[2,12],"5":[2,10],"6":[2,8],"7":[2,6],"8":[0,6],"9":[2,10]},"_coverageSchema":"332fd63041d2c1bcb487cc26dd0d5f7d97098a6c","hash":"3387d554b11318ae080ea0f70e367434642fb1e8"}
,"C:\\Users\\Usuario\\Desktop\\backend\\seubarrigaapi\\src\\services\\user.js": {"path":"C:\\Users\\Usuario\\Desktop\\backend\\seubarrigaapi\\src\\services\\user.js","statementMap":{"0":{"start":{"line":1,"column":15},"end":{"line":1,"column":39}},"1":{"start":{"line":2,"column":24},"end":{"line":2,"column":63}},"2":{"start":{"line":4,"column":0},"end":{"line":46,"column":1}},"3":{"start":{"line":6,"column":20},"end":{"line":8,"column":5}},"4":{"start":{"line":7,"column":8},"end":{"line":7,"column":63}},"5":{"start":{"line":10,"column":20},"end":{"line":12,"column":5}},"6":{"start":{"line":11,"column":8},"end":{"line":11,"column":53}},"7":{"start":{"line":15,"column":28},"end":{"line":18,"column":5}},"8":{"start":{"line":16,"column":21},"end":{"line":16,"column":43}},"9":{"start":{"line":17,"column":8},"end":{"line":17,"column":47}},"10":{"start":{"line":20,"column":17},"end":{"line":38,"column":5}},"11":{"start":{"line":22,"column":8},"end":{"line":22,"column":70}},"12":{"start":{"line":22,"column":23},"end":{"line":22,"column":70}},"13":{"start":{"line":23,"column":8},"end":{"line":23,"column":72}},"14":{"start":{"line":23,"column":24},"end":{"line":23,"column":72}},"15":{"start":{"line":24,"column":8},"end":{"line":24,"column":78}},"16":{"start":{"line":24,"column":27},"end":{"line":24,"column":78}},"17":{"start":{"line":26,"column":23},"end":{"line":26,"column":57}},"18":{"start":{"line":28,"column":8},"end":{"line":28,"column":96}},"19":{"start":{"line":28,"column":19},"end":{"line":28,"column":96}},"20":{"start":{"line":32,"column":24},"end":{"line":32,"column":33}},"21":{"start":{"line":34,"column":8},"end":{"line":34,"column":58}},"22":{"start":{"line":36,"column":8},"end":{"line":36,"column":72}},"23":{"start":{"line":40,"column":4},"end":{"line":44,"column":5}}},"fnMap":{"0":{"name":"(anonymous_0)","decl":{"start":{"line":4,"column":17},"end":{"line":4,"column":18}},"loc":{"start":{"line":4,"column":26},"end":{"line":46,"column":1}},"line":4},"1":{"name":"(anonymous_1)","decl":{"start":{"line":6,"column":20},"end":{"line":6,"column":21}},"loc":{"start":{"line":6,"column":26},"end":{"line":8,"column":5}},"line":6},"2":{"name":"(anonymous_2)","decl":{"start":{"line":10,"column":20},"end":{"line":10,"column":21}},"loc":{"start":{"line":10,"column":37},"end":{"line":12,"column":5}},"line":10},"3":{"name":"(anonymous_3)","decl":{"start":{"line":15,"column":28},"end":{"line":15,"column":29}},"loc":{"start":{"line":15,"column":42},"end":{"line":18,"column":5}},"line":15},"4":{"name":"(anonymous_4)","decl":{"start":{"line":20,"column":17},"end":{"line":20,"column":18}},"loc":{"start":{"line":20,"column":33},"end":{"line":38,"column":5}},"line":20}},"branchMap":{"0":{"loc":{"start":{"line":10,"column":21},"end":{"line":10,"column":32}},"type":"default-arg","locations":[{"start":{"line":10,"column":30},"end":{"line":10,"column":32}}],"line":10},"1":{"loc":{"start":{"line":22,"column":8},"end":{"line":22,"column":70}},"type":"if","locations":[{"start":{"line":22,"column":8},"end":{"line":22,"column":70}},{"start":{"line":22,"column":8},"end":{"line":22,"column":70}}],"line":22},"2":{"loc":{"start":{"line":23,"column":8},"end":{"line":23,"column":72}},"type":"if","locations":[{"start":{"line":23,"column":8},"end":{"line":23,"column":72}},{"start":{"line":23,"column":8},"end":{"line":23,"column":72}}],"line":23},"3":{"loc":{"start":{"line":24,"column":8},"end":{"line":24,"column":78}},"type":"if","locations":[{"start":{"line":24,"column":8},"end":{"line":24,"column":78}},{"start":{"line":24,"column":8},"end":{"line":24,"column":78}}],"line":24},"4":{"loc":{"start":{"line":28,"column":8},"end":{"line":28,"column":96}},"type":"if","locations":[{"start":{"line":28,"column":8},"end":{"line":28,"column":96}},{"start":{"line":28,"column":8},"end":{"line":28,"column":96}}],"line":28}},"s":{"0":7,"1":7,"2":7,"3":7,"4":1,"5":7,"6":84,"7":7,"8":8,"9":8,"10":7,"11":12,"12":1,"13":11,"14":1,"15":10,"16":1,"17":9,"18":9,"19":1,"20":8,"21":8,"22":8,"23":7},"f":{"0":7,"1":1,"2":84,"3":8,"4":12},"b":{"0":[0],"1":[1,11],"2":[1,10],"3":[1,9],"4":[1,8]},"_coverageSchema":"332fd63041d2c1bcb487cc26dd0d5f7d97098a6c","hash":"168c4193badf70bf400df835b766c23245f68908"}
}
