TN:
SF:C:\Users\Usuario\Desktop\backend\seubarrigaapi\knexfile.js
FNF:0
FNH:0
DA:1,7
DA:2,7
DA:4,7
LF:3
LH:3
BRF:0
BRH:0
end_of_record
TN:
SF:C:\Users\Usuario\Desktop\backend\seubarrigaapi\src\app.js
FN:30,(anonymous_0)
FN:35,(anonymous_1)
FNF:2
FNH:2
FNDA:1,(anonymous_0)
FNDA:34,(anonymous_1)
DA:3,7
DA:5,7
DA:7,7
DA:9,7
DA:12,7
DA:14,7
DA:30,7
DA:31,1
DA:35,7
DA:36,34
DA:37,34
DA:38,5
DA:40,0
DA:41,0
DA:43,34
DA:47,7
LF:16
LH:14
BRDA:37,0,0,29
BRDA:37,0,1,5
BRDA:38,1,0,5
BRDA:38,1,1,0
BRF:4
BRH:3
end_of_record
TN:
SF:C:\Users\Usuario\Desktop\backend\seubarrigaapi\src\config\middlewares.js
FN:8,(anonymous_0)
FNF:1
FNH:1
FNDA:7,(anonymous_0)
DA:1,7
DA:2,7
DA:4,7
DA:6,7
DA:8,7
DA:10,7
DA:11,7
LF:7
LH:7
BRF:0
BRH:0
end_of_record
TN:
SF:C:\Users\Usuario\Desktop\backend\seubarrigaapi\src\config\passport.js
FN:8,(anonymous_0)
FN:15,(anonymous_1)
FN:17,(anonymous_2)
FN:21,(anonymous_3)
FN:27,(anonymous_4)
FNF:5
FNH:4
FNDA:7,(anonymous_0)
FNDA:71,(anonymous_1)
FNDA:71,(anonymous_2)
FNDA:0,(anonymous_3)
FNDA:7,(anonymous_4)
DA:1,7
DA:2,7
DA:4,7
DA:6,7
DA:8,7
DA:10,7
DA:15,7
DA:16,71
DA:18,71
DA:19,0
DA:21,0
DA:24,7
DA:26,7
DA:27,7
LF:14
LH:12
BRDA:18,0,0,71
BRDA:18,0,1,0
BRF:2
BRH:1
end_of_record
TN:
SF:C:\Users\Usuario\Desktop\backend\seubarrigaapi\src\config\router.js
FN:3,(anonymous_0)
FNF:1
FNH:1
FNDA:7,(anonymous_0)
DA:1,7
DA:3,7
DA:5,7
DA:11,7
DA:13,7
DA:14,7
DA:15,7
DA:16,7
DA:17,7
DA:20,7
LF:10
LH:10
BRF:0
BRH:0
end_of_record
TN:
SF:C:\Users\Usuario\Desktop\backend\seubarrigaapi\src\errors\RecursoIndevidoError.js
FN:1,RecursoIndevidoError
FNF:1
FNH:1
FNDA:5,RecursoIndevidoError
DA:1,7
DA:3,5
DA:4,5
LF:3
LH:3
BRDA:1,0,0,5
BRF:1
BRH:1
end_of_record
TN:
SF:C:\Users\Usuario\Desktop\backend\seubarrigaapi\src\errors\ValidationErros.js
FN:1,ValidationError
FNF:1
FNH:1
FNDA:29,ValidationError
DA:1,7
DA:3,29
DA:4,29
LF:3
LH:3
BRF:0
BRH:0
end_of_record
TN:
SF:C:\Users\Usuario\Desktop\backend\seubarrigaapi\src\routes\accounts.js
FN:4,(anonymous_0)
FN:10,(anonymous_1)
FN:12,(anonymous_2)
FN:15,(anonymous_3)
FN:19,(anonymous_4)
FN:21,(anonymous_5)
FN:24,(anonymous_6)
FN:29,(anonymous_7)
FN:31,(anonymous_8)
FN:32,(anonymous_9)
FN:37,(anonymous_10)
FN:39,(anonymous_11)
FN:40,(anonymous_12)
FN:44,(anonymous_13)
FN:46,(anonymous_14)
FN:47,(anonymous_15)
FN:52,(anonymous_16)
FN:54,(anonymous_17)
FN:55,(anonymous_18)
FNF:19
FNH:16
FNDA:7,(anonymous_0)
FNDA:7,(anonymous_1)
FNDA:7,(anonymous_2)
FNDA:3,(anonymous_3)
FNDA:3,(anonymous_4)
FNDA:1,(anonymous_5)
FNDA:2,(anonymous_6)
FNDA:1,(anonymous_7)
FNDA:1,(anonymous_8)
FNDA:0,(anonymous_9)
FNDA:1,(anonymous_10)
FNDA:1,(anonymous_11)
FNDA:0,(anonymous_12)
FNDA:1,(anonymous_13)
FNDA:1,(anonymous_14)
FNDA:0,(anonymous_15)
FNDA:2,(anonymous_16)
FNDA:1,(anonymous_17)
FNDA:1,(anonymous_18)
DA:1,7
DA:2,7
DA:4,7
DA:6,7
DA:10,7
DA:11,7
DA:13,7
DA:14,4
DA:15,3
DA:19,7
DA:20,3
DA:22,1
DA:24,2
DA:29,7
DA:30,1
DA:31,1
DA:32,0
DA:37,7
DA:38,1
DA:39,1
DA:40,0
DA:44,7
DA:45,1
DA:46,1
DA:47,0
DA:52,7
DA:53,2
DA:54,1
DA:55,1
DA:59,7
LF:30
LH:27
BRDA:13,0,0,3
BRDA:13,0,1,4
BRF:2
BRH:2
end_of_record
TN:
SF:C:\Users\Usuario\Desktop\backend\seubarrigaapi\src\routes\auth.js
FN:9,(anonymous_0)
FN:14,(anonymous_1)
FN:16,(anonymous_2)
FN:27,(anonymous_3)
FN:31,(anonymous_4)
FNF:5
FNH:5
FNDA:7,(anonymous_0)
FNDA:3,(anonymous_1)
FNDA:3,(anonymous_2)
FNDA:2,(anonymous_3)
FNDA:1,(anonymous_4)
DA:1,7
DA:2,7
DA:3,7
DA:5,7
DA:7,7
DA:9,7
DA:12,7
DA:14,7
DA:15,3
DA:17,3
DA:18,2
DA:19,1
DA:24,1
DA:25,1
DA:26,1
DA:27,2
DA:31,7
DA:33,1
DA:34,1
DA:35,1
DA:37,0
DA:42,7
LF:22
LH:21
BRDA:17,0,0,1
BRDA:17,0,1,2
BRDA:18,1,0,1
BRDA:18,1,1,1
BRF:4
BRH:4
end_of_record
TN:
SF:C:\Users\Usuario\Desktop\backend\seubarrigaapi\src\routes\balance.js
FN:4,(anonymous_0)
FN:8,(anonymous_1)
FN:10,(anonymous_2)
FN:11,(anonymous_3)
FNF:4
FNH:3
FNDA:7,(anonymous_0)
FNDA:10,(anonymous_1)
FNDA:10,(anonymous_2)
FNDA:0,(anonymous_3)
DA:1,7
DA:2,7
DA:4,7
DA:5,7
DA:8,7
DA:9,10
DA:10,10
DA:11,0
DA:14,7
LF:9
LH:8
BRF:0
BRH:0
end_of_record
TN:
SF:C:\Users\Usuario\Desktop\backend\seubarrigaapi\src\routes\transactions.js
FN:4,(anonymous_0)
FN:8,(anonymous_1)
FN:10,(anonymous_2)
FN:13,(anonymous_3)
FN:17,(anonymous_4)
FN:19,(anonymous_5)
FN:20,(anonymous_6)
FN:25,(anonymous_7)
FN:27,(anonymous_8)
FN:28,(anonymous_9)
FN:32,(anonymous_10)
FN:34,(anonymous_11)
FN:35,(anonymous_12)
FN:39,(anonymous_13)
FN:41,(anonymous_14)
FN:42,(anonymous_15)
FN:46,(anonymous_16)
FN:48,(anonymous_17)
FN:49,(anonymous_18)
FNF:19
FNH:14
FNDA:7,(anonymous_0)
FNDA:4,(anonymous_1)
FNDA:4,(anonymous_2)
FNDA:1,(anonymous_3)
FNDA:1,(anonymous_4)
FNDA:1,(anonymous_5)
FNDA:0,(anonymous_6)
FNDA:16,(anonymous_7)
FNDA:10,(anonymous_8)
FNDA:0,(anonymous_9)
FNDA:1,(anonymous_10)
FNDA:1,(anonymous_11)
FNDA:0,(anonymous_12)
FNDA:1,(anonymous_13)
FNDA:1,(anonymous_14)
FNDA:0,(anonymous_15)
FNDA:1,(anonymous_16)
FNDA:1,(anonymous_17)
FNDA:0,(anonymous_18)
DA:1,7
DA:2,7
DA:4,7
DA:5,7
DA:8,7
DA:9,4
DA:11,4
DA:12,1
DA:13,1
DA:17,7
DA:18,1
DA:19,1
DA:20,0
DA:25,7
DA:26,16
DA:27,10
DA:28,0
DA:32,7
DA:33,1
DA:34,1
DA:35,0
DA:39,7
DA:40,1
DA:41,1
DA:42,0
DA:46,7
DA:47,1
DA:48,1
DA:49,0
DA:52,7
LF:30
LH:25
BRDA:11,0,0,3
BRDA:11,0,1,1
BRF:2
BRH:2
end_of_record
TN:
SF:C:\Users\Usuario\Desktop\backend\seubarrigaapi\src\routes\transfers.js
FN:4,(anonymous_0)
FN:7,(anonymous_1)
FN:9,(anonymous_2)
FN:12,(anonymous_3)
FN:17,(anonymous_4)
FN:19,(anonymous_5)
FN:20,(anonymous_6)
FN:23,(anonymous_7)
FN:25,(anonymous_8)
FN:26,(anonymous_9)
FN:32,(anonymous_10)
FN:35,(anonymous_11)
FN:36,(anonymous_12)
FN:39,(anonymous_13)
FN:41,(anonymous_14)
FN:42,(anonymous_15)
FN:48,(anonymous_16)
FN:50,(anonymous_17)
FN:51,(anonymous_18)
FN:54,(anonymous_19)
FN:56,(anonymous_20)
FN:57,(anonymous_21)
FNF:22
FNH:17
FNDA:7,(anonymous_0)
FNDA:11,(anonymous_1)
FNDA:11,(anonymous_2)
FNDA:1,(anonymous_3)
FNDA:18,(anonymous_4)
FNDA:4,(anonymous_5)
FNDA:14,(anonymous_6)
FNDA:1,(anonymous_7)
FNDA:1,(anonymous_8)
FNDA:0,(anonymous_9)
FNDA:3,(anonymous_10)
FNDA:3,(anonymous_11)
FNDA:0,(anonymous_12)
FNDA:1,(anonymous_13)
FNDA:1,(anonymous_14)
FNDA:0,(anonymous_15)
FNDA:1,(anonymous_16)
FNDA:1,(anonymous_17)
FNDA:0,(anonymous_18)
FNDA:1,(anonymous_19)
FNDA:1,(anonymous_20)
FNDA:0,(anonymous_21)
DA:1,7
DA:2,7
DA:4,7
DA:5,7
DA:7,7
DA:8,11
DA:10,11
DA:11,10
DA:12,1
DA:17,7
DA:18,18
DA:19,4
DA:20,14
DA:23,7
DA:24,1
DA:25,1
DA:26,0
DA:32,7
DA:33,3
DA:34,3
DA:35,3
DA:36,0
DA:39,7
DA:40,1
DA:41,1
DA:42,0
DA:48,7
DA:49,1
DA:50,1
DA:51,0
DA:54,7
DA:55,1
DA:56,1
DA:57,0
DA:60,7
LF:35
LH:30
BRDA:10,0,0,1
BRDA:10,0,1,10
BRF:2
BRH:2
end_of_record
TN:
SF:C:\Users\Usuario\Desktop\backend\seubarrigaapi\src\routes\user.js
FN:3,(anonymous_0)
FN:6,(anonymous_1)
FN:8,(anonymous_2)
FN:9,(anonymous_3)
FN:12,(anonymous_4)
FNF:5
FNH:4
FNDA:7,(anonymous_0)
FNDA:1,(anonymous_1)
FNDA:1,(anonymous_2)
FNDA:0,(anonymous_3)
FNDA:6,(anonymous_4)
DA:1,7
DA:3,7
DA:4,7
DA:6,7
DA:7,1
DA:8,1
DA:9,0
DA:12,7
DA:13,6
DA:14,6
DA:15,2
DA:17,4
DA:21,7
LF:13
LH:12
BRF:0
BRH:0
end_of_record
TN:
SF:C:\Users\Usuario\Desktop\backend\seubarrigaapi\src\seeds\01_tranfers.js
FN:2,(anonymous_0)
FN:6,(anonymous_1)
FN:7,(anonymous_2)
FN:8,(anonymous_3)
FN:11,(anonymous_4)
FN:15,(anonymous_5)
FN:21,(anonymous_6)
FN:25,(anonymous_7)
FNF:8
FNH:8
FNDA:2,(anonymous_0)
FNDA:2,(anonymous_1)
FNDA:2,(anonymous_2)
FNDA:2,(anonymous_3)
FNDA:2,(anonymous_4)
FNDA:2,(anonymous_5)
FNDA:2,(anonymous_6)
FNDA:2,(anonymous_7)
DA:2,2
DA:5,2
DA:6,2
DA:7,2
DA:8,2
DA:11,2
DA:15,2
DA:21,2
DA:25,2
LF:9
LH:9
BRF:0
BRH:0
end_of_record
TN:
SF:C:\Users\Usuario\Desktop\backend\seubarrigaapi\src\seeds\02_balance.js
FN:3,(anonymous_0)
FN:11,(anonymous_1)
FN:19,(anonymous_2)
FN:23,(anonymous_3)
FNF:4
FNH:4
FNDA:2,(anonymous_0)
FNDA:2,(anonymous_1)
FNDA:2,(anonymous_2)
FNDA:2,(anonymous_3)
DA:1,2
DA:3,2
DA:5,2
DA:11,2
DA:19,2
DA:23,2
LF:6
LH:6
BRF:0
BRH:0
end_of_record
TN:
SF:C:\Users\Usuario\Desktop\backend\seubarrigaapi\src\services\accounts.js
FN:3,(anonymous_0)
FN:5,(anonymous_1)
FN:9,(anonymous_2)
FN:13,(anonymous_3)
FN:21,(anonymous_4)
FN:27,(anonymous_5)
FNF:6
FNH:6
FNDA:7,(anonymous_0)
FNDA:1,(anonymous_1)
FNDA:10,(anonymous_2)
FNDA:3,(anonymous_3)
FNDA:1,(anonymous_4)
FNDA:2,(anonymous_5)
DA:1,7
DA:3,7
DA:5,7
DA:6,1
DA:9,7
DA:10,10
DA:13,7
DA:14,3
DA:15,2
DA:16,2
DA:17,1
DA:21,7
DA:22,1
DA:27,7
DA:28,2
DA:29,2
DA:30,1
DA:35,7
LF:18
LH:18
BRDA:9,0,0,0
BRDA:14,1,0,1
BRDA:14,1,1,2
BRDA:16,2,0,1
BRDA:16,2,1,1
BRDA:29,3,0,1
BRDA:29,3,1,1
BRF:7
BRH:6
end_of_record
TN:
SF:C:\Users\Usuario\Desktop\backend\seubarrigaapi\src\services\balance.js
FN:1,(anonymous_0)
FN:3,(anonymous_1)
FNF:2
FNH:2
FNDA:7,(anonymous_0)
FNDA:10,(anonymous_1)
DA:1,7
DA:3,7
DA:5,10
DA:22,7
LF:4
LH:4
BRF:0
BRH:0
end_of_record
TN:
SF:C:\Users\Usuario\Desktop\backend\seubarrigaapi\src\services\transactions.js
FN:3,(anonymous_0)
FN:5,(anonymous_1)
FN:13,(anonymous_2)
FN:19,(anonymous_3)
FN:40,(anonymous_4)
FN:46,(anonymous_5)
FNF:6
FNH:6
FNDA:7,(anonymous_0)
FNDA:5,(anonymous_1)
FNDA:3,(anonymous_2)
FNDA:16,(anonymous_3)
FNDA:1,(anonymous_4)
FNDA:1,(anonymous_5)
DA:1,7
DA:3,7
DA:5,7
DA:6,5
DA:13,7
DA:14,3
DA:19,7
DA:21,16
DA:22,15
DA:23,14
DA:24,13
DA:25,12
DA:26,11
DA:29,10
DA:31,10
DA:33,5
DA:36,10
DA:40,7
DA:41,1
DA:46,7
DA:47,1
DA:52,7
LF:22
LH:22
BRDA:5,0,0,1
BRDA:21,1,0,1
BRDA:21,1,1,15
BRDA:22,2,0,1
BRDA:22,2,1,14
BRDA:23,3,0,1
BRDA:23,3,1,13
BRDA:24,4,0,1
BRDA:24,4,1,12
BRDA:25,5,0,1
BRDA:25,5,1,11
BRDA:26,6,0,1
BRDA:26,6,1,10
BRDA:26,7,0,11
BRDA:26,7,1,5
BRDA:31,8,0,5
BRDA:31,8,1,5
BRDA:31,9,0,10
BRDA:31,9,1,6
BRDA:31,9,2,9
BRDA:31,9,3,4
BRF:21
BRH:21
end_of_record
TN:
SF:C:\Users\Usuario\Desktop\backend\seubarrigaapi\src\services\transfers.js
FN:3,(anonymous_0)
FN:6,(anonymous_1)
FN:13,(anonymous_2)
FN:19,(anonymous_3)
FN:29,(anonymous_4)
FN:35,(anonymous_5)
FN:51,(anonymous_6)
FN:67,(anonymous_7)
FNF:8
FNH:8
FNDA:7,(anonymous_0)
FNDA:1,(anonymous_1)
FNDA:12,(anonymous_2)
FNDA:18,(anonymous_3)
FNDA:12,(anonymous_4)
FNDA:3,(anonymous_5)
FNDA:1,(anonymous_6)
FNDA:1,(anonymous_7)
DA:1,7
DA:3,7
DA:6,7
DA:7,1
DA:13,7
DA:14,12
DA:19,7
DA:20,18
DA:21,16
DA:22,14
DA:23,12
DA:24,10
DA:25,8
DA:26,6
DA:28,6
DA:29,6
DA:30,12
DA:35,7
DA:37,3
DA:38,3
DA:40,3
DA:45,3
DA:47,3
DA:51,7
DA:53,1
DA:57,1
DA:62,1
DA:63,1
DA:64,1
DA:67,7
DA:68,1
DA:69,1
DA:72,7
LF:33
LH:33
BRDA:6,0,0,0
BRDA:13,1,0,0
BRDA:20,2,0,2
BRDA:20,2,1,16
BRDA:21,3,0,2
BRDA:21,3,1,14
BRDA:22,4,0,2
BRDA:22,4,1,12
BRDA:23,5,0,2
BRDA:23,5,1,10
BRDA:24,6,0,2
BRDA:24,6,1,8
BRDA:25,7,0,2
BRDA:25,7,1,6
BRDA:26,8,0,0
BRDA:26,8,1,6
BRDA:30,9,0,2
BRDA:30,9,1,10
BRF:18
BRH:15
end_of_record
TN:
SF:C:\Users\Usuario\Desktop\backend\seubarrigaapi\src\services\user.js
FN:4,(anonymous_0)
FN:6,(anonymous_1)
FN:10,(anonymous_2)
FN:15,(anonymous_3)
FN:20,(anonymous_4)
FNF:5
FNH:5
FNDA:7,(anonymous_0)
FNDA:1,(anonymous_1)
FNDA:84,(anonymous_2)
FNDA:8,(anonymous_3)
FNDA:12,(anonymous_4)
DA:1,7
DA:2,7
DA:4,7
DA:6,7
DA:7,1
DA:10,7
DA:11,84
DA:15,7
DA:16,8
DA:17,8
DA:20,7
DA:22,12
DA:23,11
DA:24,10
DA:26,9
DA:28,9
DA:32,8
DA:34,8
DA:36,8
DA:40,7
LF:20
LH:20
BRDA:10,0,0,0
BRDA:22,1,0,1
BRDA:22,1,1,11
BRDA:23,2,0,1
BRDA:23,2,1,10
BRDA:24,3,0,1
BRDA:24,3,1,9
BRDA:28,4,0,1
BRDA:28,4,1,8
BRF:9
BRH:8
end_of_record
